INFO  04:22:40 Application started. Press Ctrl+C to shut down.
INFO  04:22:40 Application started. Press Ctrl+C to shut down.
INFO  04:22:40 Hosting environment: Development
INFO  04:22:40 Hosting environment: Development
INFO  04:22:40 Content root path: C:\Users\manis\source\repos\Account_Api\Account_Api
INFO  04:22:40 Content root path: C:\Users\manis\source\repos\Account_Api\Account_Api
INFO  05:14:05 Application started. Press Ctrl+C to shut down.
INFO  05:14:05 Application started. Press Ctrl+C to shut down.
INFO  05:14:05 Hosting environment: Development
INFO  05:14:05 Hosting environment: Development
INFO  05:14:05 Content root path: C:\Users\manis\source\repos\Account_Api\Account_Api
INFO  05:14:05 Content root path: C:\Users\manis\source\repos\Account_Api\Account_Api
INFO  05:25:29  Got Customer Account
INFO  05:27:12  Got Customer Account
INFO  05:27:38 Application started. Press Ctrl+C to shut down.
INFO  05:27:38 Application started. Press Ctrl+C to shut down.
INFO  05:27:38 Hosting environment: Development
INFO  05:27:38 Hosting environment: Development
INFO  05:27:38 Content root path: C:\Users\manis\source\repos\Account_Api\Account_Api
INFO  05:27:38 Content root path: C:\Users\manis\source\repos\Account_Api\Account_Api
INFO  05:29:23 Application started. Press Ctrl+C to shut down.
INFO  05:29:23 Application started. Press Ctrl+C to shut down.
INFO  05:29:23 Hosting environment: Development
INFO  05:29:23 Hosting environment: Development
INFO  05:29:23 Content root path: C:\Users\manis\source\repos\Account_Api\Account_Api
INFO  05:29:23 Content root path: C:\Users\manis\source\repos\Account_Api\Account_Api
INFO  05:30:37  Got Customer Account
INFO  05:31:12  Got Customer Account
INFO  05:33:48 Application started. Press Ctrl+C to shut down.
INFO  05:33:48 Application started. Press Ctrl+C to shut down.
INFO  05:33:48 Hosting environment: Development
INFO  05:33:48 Hosting environment: Development
INFO  05:33:48 Content root path: C:\Users\manis\source\repos\Account_Api\Account_Api
INFO  05:33:48 Content root path: C:\Users\manis\source\repos\Account_Api\Account_Api
INFO  05:34:21  Got Customer Account
INFO  05:36:40 Application started. Press Ctrl+C to shut down.
INFO  05:36:40 Application started. Press Ctrl+C to shut down.
INFO  05:36:40 Hosting environment: Development
INFO  05:36:40 Hosting environment: Development
INFO  05:36:40 Content root path: C:\Users\manis\source\repos\Account_Api\Account_Api
INFO  05:36:40 Content root path: C:\Users\manis\source\repos\Account_Api\Account_Api
INFO  05:37:05  Got Customer Account
INFO  05:37:46  Got Customer Account
INFO  05:39:10  Getting Account Info
INFO  05:40:06  Getting Account Info
INFO  05:40:06  Getting Account Info
INFO  05:41:36 Application started. Press Ctrl+C to shut down.
INFO  05:41:36 Application started. Press Ctrl+C to shut down.
INFO  05:41:36 Hosting environment: Development
INFO  05:41:36 Hosting environment: Development
INFO  05:41:36 Content root path: C:\Users\manis\source\repos\Account_Api\Account_Api
INFO  05:41:36 Content root path: C:\Users\manis\source\repos\Account_Api\Account_Api
INFO  05:41:49  Getting Account Info
INFO  05:44:22 Application started. Press Ctrl+C to shut down.
INFO  05:44:22 Application started. Press Ctrl+C to shut down.
INFO  05:44:22 Hosting environment: Development
INFO  05:44:22 Hosting environment: Development
INFO  05:44:22 Content root path: C:\Users\manis\source\repos\Account_Api\Account_Api
INFO  05:44:22 Content root path: C:\Users\manis\source\repos\Account_Api\Account_Api
INFO  05:44:48  Got Customer Account
INFO  05:45:09  Got Customer Account
INFO  05:46:20 Account Created
INFO  05:46:38 Account Created
INFO  05:46:44 Account Created
INFO  05:48:02  Getting Account Info
INFO  05:50:29 Account Statement Shown
INFO  05:52:19 Application started. Press Ctrl+C to shut down.
INFO  05:52:19 Application started. Press Ctrl+C to shut down.
INFO  05:52:19 Hosting environment: Development
INFO  05:52:19 Hosting environment: Development
INFO  05:52:19 Content root path: C:\Users\manis\source\repos\Account_Api\Account_Api
INFO  05:52:19 Content root path: C:\Users\manis\source\repos\Account_Api\Account_Api
INFO  05:53:02 Account Statement Shown
INFO  05:53:18 Application started. Press Ctrl+C to shut down.
INFO  05:53:18 Application started. Press Ctrl+C to shut down.
INFO  05:53:18 Hosting environment: Development
INFO  05:53:18 Hosting environment: Development
INFO  05:53:18 Content root path: C:\Users\manis\source\repos\Account_Api\Account_Api
INFO  05:53:18 Content root path: C:\Users\manis\source\repos\Account_Api\Account_Api
INFO  05:53:53 Account Statement Shown
INFO  05:55:57 Application started. Press Ctrl+C to shut down.
INFO  05:55:57 Application started. Press Ctrl+C to shut down.
INFO  05:55:57 Hosting environment: Development
INFO  05:55:57 Hosting environment: Development
INFO  05:55:57 Content root path: C:\Users\manis\source\repos\Account_Api\Account_Api
INFO  05:55:57 Content root path: C:\Users\manis\source\repos\Account_Api\Account_Api
INFO  05:56:35 Account Statement Shown
INFO  05:57:53 Account Created
INFO  05:58:34 Account Created
INFO  05:58:55  Getting Account Info
INFO  05:59:26  Amount Deposited 
INFO  06:00:03  Amount Deposited 
INFO  06:02:57  Amount Deposited 
INFO  06:03:18  Amount Deposited 
INFO  06:03:29  Amount Deposited 
INFO  06:03:47  Amount Deposited 
INFO  06:04:04  Amount Deposited 
INFO  06:04:07  Amount Deposited 
INFO  06:04:10  Amount Deposited 
INFO  06:04:39  Amount Deposited 
INFO  06:05:40  Amount Deposited 
INFO  06:06:07  Amount Deposited 
INFO  06:06:25  Amount Deposited 
INFO  06:06:50  Amount Deposited 
INFO  06:07:34  Amount Deposited 
INFO  06:10:14 Application started. Press Ctrl+C to shut down.
INFO  06:10:14 Application started. Press Ctrl+C to shut down.
INFO  06:10:14 Hosting environment: Development
INFO  06:10:14 Hosting environment: Development
INFO  06:10:14 Content root path: C:\Users\manis\source\repos\Account_Api\Account_Api
INFO  06:10:14 Content root path: C:\Users\manis\source\repos\Account_Api\Account_Api
INFO  06:10:49  Amount Deposited 
INFO  06:11:19 Application started. Press Ctrl+C to shut down.
INFO  06:11:19 Application started. Press Ctrl+C to shut down.
INFO  06:11:19 Hosting environment: Development
INFO  06:11:19 Hosting environment: Development
INFO  06:11:19 Content root path: C:\Users\manis\source\repos\Account_Api\Account_Api
INFO  06:11:19 Content root path: C:\Users\manis\source\repos\Account_Api\Account_Api
INFO  06:11:57  Amount Deposited 
INFO  06:12:39 Amount Withdrawn
INFO  06:12:44  Getting Account Info
INFO  06:13:15 Amount Transferred
INFO  06:13:15  Getting Account Info
INFO  06:19:50 Application started. Press Ctrl+C to shut down.
INFO  06:19:50 Application started. Press Ctrl+C to shut down.
INFO  06:19:50 Hosting environment: Development
INFO  06:19:50 Hosting environment: Development
INFO  06:19:50 Content root path: C:\Users\manis\source\repos\Account_Api\Account_Api
INFO  06:19:50 Content root path: C:\Users\manis\source\repos\Account_Api\Account_Api
INFO  07:23:10 Account Created
INFO  07:23:10 Account Created
INFO  07:50:29 Account Created
INFO  08:53:41 Application started. Press Ctrl+C to shut down.
INFO  08:53:41 Application started. Press Ctrl+C to shut down.
INFO  08:53:41 Hosting environment: Development
INFO  08:53:41 Hosting environment: Development
INFO  08:53:41 Content root path: C:\Users\manis\source\repos\Account_Api\Account_Api
INFO  08:53:41 Content root path: C:\Users\manis\source\repos\Account_Api\Account_Api
INFO  09:04:40 Account Created
INFO  10:33:46 Application started. Press Ctrl+C to shut down.
INFO  10:33:46 Application started. Press Ctrl+C to shut down.
INFO  10:33:46 Hosting environment: Development
INFO  10:33:46 Hosting environment: Development
INFO  10:33:46 Content root path: C:\Users\manis\source\repos\Account_Api\Account_Api
INFO  10:33:46 Content root path: C:\Users\manis\source\repos\Account_Api\Account_Api
INFO  10:45:28 Application started. Press Ctrl+C to shut down.
INFO  10:45:28 Application started. Press Ctrl+C to shut down.
INFO  10:45:28 Hosting environment: Development
INFO  10:45:28 Hosting environment: Development
INFO  10:45:28 Content root path: C:\Users\manis\source\repos\Account_Api\Account_Api
INFO  10:45:28 Content root path: C:\Users\manis\source\repos\Account_Api\Account_Api
INFO  10:46:17  Getting Account Info
INFO  10:48:43 Account Created
INFO  10:49:39  Got Customer Account
INFO  10:01:13 Application started. Press Ctrl+C to shut down.
INFO  10:01:13 Application started. Press Ctrl+C to shut down.
INFO  10:01:13 Hosting environment: Development
INFO  10:01:13 Hosting environment: Development
INFO  10:01:13 Content root path: C:\Users\manis\source\repos\Account_Api\Account_Api
INFO  10:01:13 Content root path: C:\Users\manis\source\repos\Account_Api\Account_Api
INFO  10:04:12 Application started. Press Ctrl+C to shut down.
INFO  10:04:12 Application started. Press Ctrl+C to shut down.
INFO  10:04:12 Hosting environment: Development
INFO  10:04:12 Hosting environment: Development
INFO  10:04:12 Content root path: C:\Users\manis\source\repos\Account_Api\Account_Api
INFO  10:04:12 Content root path: C:\Users\manis\source\repos\Account_Api\Account_Api
